mode: set
github.com/codeharik/secretary/example/main.go:5.13,7.2 1 0
github.com/codeharik/secretary/utils/file.go:8.35,9.49 1 0
github.com/codeharik/secretary/utils/file.go:9.49,11.17 2 0
github.com/codeharik/secretary/utils/file.go:11.17,13.4 1 0
github.com/codeharik/secretary/utils/file.go:15.2,15.12 1 0
github.com/codeharik/secretary/utils/int.go:8.114,11.23 2 0
github.com/codeharik/secretary/utils/int.go:11.23,12.31 1 0
github.com/codeharik/secretary/utils/int.go:13.13,14.38 1 0
github.com/codeharik/secretary/utils/int.go:15.14,16.42 1 0
github.com/codeharik/secretary/utils/int.go:17.14,18.30 1 0
github.com/codeharik/secretary/utils/int.go:19.14,20.30 1 0
github.com/codeharik/secretary/utils/int.go:21.14,22.32 1 0
github.com/codeharik/secretary/utils/int.go:23.15,24.34 1 0
github.com/codeharik/secretary/utils/int.go:25.15,26.31 1 0
github.com/codeharik/secretary/utils/int.go:27.15,28.31 1 0
github.com/codeharik/secretary/utils/int.go:29.13,30.31 1 0
github.com/codeharik/secretary/utils/int.go:34.2,34.14 1 0
github.com/codeharik/secretary/utils/int.go:37.45,40.19 2 0
github.com/codeharik/secretary/utils/int.go:40.19,42.3 1 0
github.com/codeharik/secretary/utils/int.go:44.2,44.10 1 0
github.com/codeharik/secretary/utils/strings.go:10.48,12.2 1 0
github.com/codeharik/secretary/utils/file.go:8.35,9.49 1 0
github.com/codeharik/secretary/utils/file.go:9.49,11.17 2 0
github.com/codeharik/secretary/utils/file.go:11.17,13.4 1 0
github.com/codeharik/secretary/utils/file.go:15.2,15.12 1 0
github.com/codeharik/secretary/utils/int.go:8.114,11.23 2 1
github.com/codeharik/secretary/utils/int.go:11.23,12.31 1 1
github.com/codeharik/secretary/utils/int.go:13.13,14.38 1 0
github.com/codeharik/secretary/utils/int.go:15.14,16.42 1 0
github.com/codeharik/secretary/utils/int.go:17.14,18.30 1 1
github.com/codeharik/secretary/utils/int.go:19.14,20.30 1 0
github.com/codeharik/secretary/utils/int.go:21.14,22.32 1 0
github.com/codeharik/secretary/utils/int.go:23.15,24.34 1 0
github.com/codeharik/secretary/utils/int.go:25.15,26.31 1 0
github.com/codeharik/secretary/utils/int.go:27.15,28.31 1 0
github.com/codeharik/secretary/utils/int.go:29.13,30.31 1 0
github.com/codeharik/secretary/utils/int.go:34.2,34.14 1 1
github.com/codeharik/secretary/utils/int.go:37.45,40.19 2 0
github.com/codeharik/secretary/utils/int.go:40.19,42.3 1 0
github.com/codeharik/secretary/utils/int.go:44.2,44.10 1 0
github.com/codeharik/secretary/utils/strings.go:10.48,12.2 1 0
github.com/codeharik/secretary/utils/binstruct/binary_struct.go:21.47,23.31 2 1
github.com/codeharik/secretary/utils/binstruct/binary_struct.go:23.31,25.3 1 0
github.com/codeharik/secretary/utils/binstruct/binary_struct.go:27.2,30.38 3 1
github.com/codeharik/secretary/utils/binstruct/binary_struct.go:30.38,36.16 3 1
github.com/codeharik/secretary/utils/binstruct/binary_struct.go:36.16,37.12 1 0
github.com/codeharik/secretary/utils/binstruct/binary_struct.go:39.3,42.28 2 1
github.com/codeharik/secretary/utils/binstruct/binary_struct.go:43.21,44.66 1 1
github.com/codeharik/secretary/utils/binstruct/binary_struct.go:45.22,46.68 1 1
github.com/codeharik/secretary/utils/binstruct/binary_struct.go:47.22,48.67 1 1
github.com/codeharik/secretary/utils/binstruct/binary_struct.go:49.23,50.69 1 1
github.com/codeharik/secretary/utils/binstruct/binary_struct.go:51.22,52.67 1 1
github.com/codeharik/secretary/utils/binstruct/binary_struct.go:53.23,54.69 1 1
github.com/codeharik/secretary/utils/binstruct/binary_struct.go:55.22,56.67 1 1
github.com/codeharik/secretary/utils/binstruct/binary_struct.go:57.23,58.69 1 1
github.com/codeharik/secretary/utils/binstruct/binary_struct.go:59.24,60.71 1 1
github.com/codeharik/secretary/utils/binstruct/binary_struct.go:61.23,63.27 2 1
github.com/codeharik/secretary/utils/binstruct/binary_struct.go:63.27,65.5 1 1
github.com/codeharik/secretary/utils/binstruct/binary_struct.go:66.4,66.35 1 1
github.com/codeharik/secretary/utils/binstruct/binary_struct.go:66.35,68.5 1 0
github.com/codeharik/secretary/utils/binstruct/binary_struct.go:69.4,70.24 2 1
github.com/codeharik/secretary/utils/binstruct/binary_struct.go:71.22,78.24 4 1
github.com/codeharik/secretary/utils/binstruct/binary_struct.go:78.24,80.5 1 1
github.com/codeharik/secretary/utils/binstruct/binary_struct.go:81.4,81.32 1 1
github.com/codeharik/secretary/utils/binstruct/binary_struct.go:81.32,83.5 1 1
github.com/codeharik/secretary/utils/binstruct/binary_struct.go:86.4,88.33 2 1
github.com/codeharik/secretary/utils/binstruct/binary_struct.go:88.33,91.5 2 1
github.com/codeharik/secretary/utils/binstruct/binary_struct.go:91.10,91.40 1 1
github.com/codeharik/secretary/utils/binstruct/binary_struct.go:91.40,95.33 3 1
github.com/codeharik/secretary/utils/binstruct/binary_struct.go:95.33,98.26 2 1
github.com/codeharik/secretary/utils/binstruct/binary_struct.go:99.39,100.59 1 1
github.com/codeharik/secretary/utils/binstruct/binary_struct.go:102.25,105.30 3 0
github.com/codeharik/secretary/utils/binstruct/binary_struct.go:105.30,107.8 1 0
github.com/codeharik/secretary/utils/binstruct/binary_struct.go:108.26,111.30 3 0
github.com/codeharik/secretary/utils/binstruct/binary_struct.go:111.30,113.8 1 0
github.com/codeharik/secretary/utils/binstruct/binary_struct.go:115.25,118.30 3 1
github.com/codeharik/secretary/utils/binstruct/binary_struct.go:118.30,120.8 1 1
github.com/codeharik/secretary/utils/binstruct/binary_struct.go:121.26,124.30 3 0
github.com/codeharik/secretary/utils/binstruct/binary_struct.go:124.30,126.8 1 0
github.com/codeharik/secretary/utils/binstruct/binary_struct.go:128.25,131.30 3 0
github.com/codeharik/secretary/utils/binstruct/binary_struct.go:131.30,133.8 1 0
github.com/codeharik/secretary/utils/binstruct/binary_struct.go:134.26,137.30 3 0
github.com/codeharik/secretary/utils/binstruct/binary_struct.go:137.30,139.8 1 0
github.com/codeharik/secretary/utils/binstruct/binary_struct.go:141.27,144.30 3 0
github.com/codeharik/secretary/utils/binstruct/binary_struct.go:144.30,147.8 2 0
github.com/codeharik/secretary/utils/binstruct/binary_struct.go:148.27,151.30 3 1
github.com/codeharik/secretary/utils/binstruct/binary_struct.go:151.30,154.8 2 1
github.com/codeharik/secretary/utils/binstruct/binary_struct.go:156.14,157.81 1 0
github.com/codeharik/secretary/utils/binstruct/binary_struct.go:160.6,163.22 2 1
github.com/codeharik/secretary/utils/binstruct/binary_struct.go:163.22,164.36 1 1
github.com/codeharik/secretary/utils/binstruct/binary_struct.go:164.36,166.8 1 1
github.com/codeharik/secretary/utils/binstruct/binary_struct.go:166.13,166.43 1 1
github.com/codeharik/secretary/utils/binstruct/binary_struct.go:166.43,168.8 1 1
github.com/codeharik/secretary/utils/binstruct/binary_struct.go:169.12,172.7 2 1
github.com/codeharik/secretary/utils/binstruct/binary_struct.go:174.6,174.26 1 1
github.com/codeharik/secretary/utils/binstruct/binary_struct.go:176.10,180.64 1 1
github.com/codeharik/secretary/utils/binstruct/binary_struct.go:180.64,187.5 2 1
github.com/codeharik/secretary/utils/binstruct/binary_struct.go:188.11,189.69 1 0
github.com/codeharik/secretary/utils/binstruct/binary_struct.go:192.2,192.25 1 1
github.com/codeharik/secretary/utils/binstruct/binary_struct.go:196.52,198.31 2 1
github.com/codeharik/secretary/utils/binstruct/binary_struct.go:198.31,200.3 1 0
github.com/codeharik/secretary/utils/binstruct/binary_struct.go:202.2,206.38 4 1
github.com/codeharik/secretary/utils/binstruct/binary_struct.go:206.38,210.16 3 1
github.com/codeharik/secretary/utils/binstruct/binary_struct.go:210.16,211.12 1 0
github.com/codeharik/secretary/utils/binstruct/binary_struct.go:213.3,216.28 2 1
github.com/codeharik/secretary/utils/binstruct/binary_struct.go:217.21,220.33 3 1
github.com/codeharik/secretary/utils/binstruct/binary_struct.go:221.22,224.35 3 1
github.com/codeharik/secretary/utils/binstruct/binary_struct.go:225.22,228.33 3 1
github.com/codeharik/secretary/utils/binstruct/binary_struct.go:229.23,232.35 3 1
github.com/codeharik/secretary/utils/binstruct/binary_struct.go:233.22,236.33 3 1
github.com/codeharik/secretary/utils/binstruct/binary_struct.go:237.23,240.35 3 1
github.com/codeharik/secretary/utils/binstruct/binary_struct.go:241.22,244.26 3 1
github.com/codeharik/secretary/utils/binstruct/binary_struct.go:245.23,248.27 3 1
github.com/codeharik/secretary/utils/binstruct/binary_struct.go:249.24,252.28 3 1
github.com/codeharik/secretary/utils/binstruct/binary_struct.go:253.23,257.42 4 1
github.com/codeharik/secretary/utils/binstruct/binary_struct.go:258.22,269.33 4 1
github.com/codeharik/secretary/utils/binstruct/binary_struct.go:269.33,273.5 3 1
github.com/codeharik/secretary/utils/binstruct/binary_struct.go:273.10,273.40 1 1
github.com/codeharik/secretary/utils/binstruct/binary_struct.go:273.40,280.33 4 1
github.com/codeharik/secretary/utils/binstruct/binary_struct.go:280.33,283.28 2 1
github.com/codeharik/secretary/utils/binstruct/binary_struct.go:283.28,285.7 1 1
github.com/codeharik/secretary/utils/binstruct/binary_struct.go:285.12,288.7 2 1
github.com/codeharik/secretary/utils/binstruct/binary_struct.go:291.6,292.20 2 1
github.com/codeharik/secretary/utils/binstruct/binary_struct.go:292.20,294.7 1 0
github.com/codeharik/secretary/utils/binstruct/binary_struct.go:296.6,296.26 1 1
github.com/codeharik/secretary/utils/binstruct/binary_struct.go:297.39,298.56 1 1
github.com/codeharik/secretary/utils/binstruct/binary_struct.go:300.25,302.38 2 0
github.com/codeharik/secretary/utils/binstruct/binary_struct.go:302.38,304.8 1 0
github.com/codeharik/secretary/utils/binstruct/binary_struct.go:305.7,305.51 1 0
github.com/codeharik/secretary/utils/binstruct/binary_struct.go:306.26,308.38 2 0
github.com/codeharik/secretary/utils/binstruct/binary_struct.go:308.38,310.8 1 0
github.com/codeharik/secretary/utils/binstruct/binary_struct.go:311.7,311.51 1 0
github.com/codeharik/secretary/utils/binstruct/binary_struct.go:313.25,315.38 2 1
github.com/codeharik/secretary/utils/binstruct/binary_struct.go:315.38,317.8 1 1
github.com/codeharik/secretary/utils/binstruct/binary_struct.go:318.7,318.51 1 1
github.com/codeharik/secretary/utils/binstruct/binary_struct.go:319.26,321.38 2 0
github.com/codeharik/secretary/utils/binstruct/binary_struct.go:321.38,323.8 1 0
github.com/codeharik/secretary/utils/binstruct/binary_struct.go:324.7,324.51 1 0
github.com/codeharik/secretary/utils/binstruct/binary_struct.go:326.25,328.38 2 0
github.com/codeharik/secretary/utils/binstruct/binary_struct.go:328.38,330.8 1 0
github.com/codeharik/secretary/utils/binstruct/binary_struct.go:331.7,331.51 1 0
github.com/codeharik/secretary/utils/binstruct/binary_struct.go:332.26,334.38 2 0
github.com/codeharik/secretary/utils/binstruct/binary_struct.go:334.38,336.8 1 0
github.com/codeharik/secretary/utils/binstruct/binary_struct.go:337.7,337.51 1 0
github.com/codeharik/secretary/utils/binstruct/binary_struct.go:339.27,341.38 2 0
github.com/codeharik/secretary/utils/binstruct/binary_struct.go:341.38,344.8 2 0
github.com/codeharik/secretary/utils/binstruct/binary_struct.go:345.7,345.51 1 0
github.com/codeharik/secretary/utils/binstruct/binary_struct.go:346.27,348.38 2 1
github.com/codeharik/secretary/utils/binstruct/binary_struct.go:348.38,351.8 2 1
github.com/codeharik/secretary/utils/binstruct/binary_struct.go:352.7,352.51 1 1
github.com/codeharik/secretary/utils/binstruct/binary_struct.go:354.14,355.76 1 0
github.com/codeharik/secretary/utils/binstruct/binary_struct.go:360.5,360.29 1 1
github.com/codeharik/secretary/utils/binstruct/binary_struct.go:361.10,365.64 1 1
github.com/codeharik/secretary/utils/binstruct/binary_struct.go:365.64,372.19 3 1
github.com/codeharik/secretary/utils/binstruct/binary_struct.go:372.19,374.6 1 0
github.com/codeharik/secretary/utils/binstruct/binary_struct.go:377.5,377.29 1 1
github.com/codeharik/secretary/utils/binstruct/binary_struct.go:379.11,380.64 1 0
github.com/codeharik/secretary/utils/binstruct/binary_struct.go:383.2,383.12 1 1
github.com/codeharik/secretary/utils/binstruct/binary_struct.go:387.46,389.90 1 1
github.com/codeharik/secretary/utils/binstruct/binary_struct.go:389.90,391.3 1 0
github.com/codeharik/secretary/utils/binstruct/binary_struct.go:394.2,394.44 1 1
github.com/codeharik/secretary/utils/binstruct/binary_struct.go:394.44,396.3 1 0
github.com/codeharik/secretary/utils/binstruct/binary_struct.go:399.2,403.38 4 1
github.com/codeharik/secretary/utils/binstruct/binary_struct.go:403.38,409.16 4 1
github.com/codeharik/secretary/utils/binstruct/binary_struct.go:409.16,410.12 1 0
github.com/codeharik/secretary/utils/binstruct/binary_struct.go:414.3,414.37 1 1
github.com/codeharik/secretary/utils/binstruct/binary_struct.go:414.37,416.4 1 0
github.com/codeharik/secretary/utils/binstruct/binary_struct.go:419.3,419.24 1 1
github.com/codeharik/secretary/utils/binstruct/binary_struct.go:420.21,421.36 1 1
github.com/codeharik/secretary/utils/binstruct/binary_struct.go:421.36,423.5 1 0
github.com/codeharik/secretary/utils/binstruct/binary_struct.go:424.22,425.38 1 1
github.com/codeharik/secretary/utils/binstruct/binary_struct.go:425.38,427.5 1 0
github.com/codeharik/secretary/utils/binstruct/binary_struct.go:428.22,429.36 1 1
github.com/codeharik/secretary/utils/binstruct/binary_struct.go:429.36,431.5 1 0
github.com/codeharik/secretary/utils/binstruct/binary_struct.go:432.23,433.38 1 1
github.com/codeharik/secretary/utils/binstruct/binary_struct.go:433.38,435.5 1 0
github.com/codeharik/secretary/utils/binstruct/binary_struct.go:436.22,437.36 1 1
github.com/codeharik/secretary/utils/binstruct/binary_struct.go:437.36,439.5 1 0
github.com/codeharik/secretary/utils/binstruct/binary_struct.go:440.23,441.38 1 1
github.com/codeharik/secretary/utils/binstruct/binary_struct.go:441.38,443.5 1 0
github.com/codeharik/secretary/utils/binstruct/binary_struct.go:444.22,445.36 1 1
github.com/codeharik/secretary/utils/binstruct/binary_struct.go:445.36,447.5 1 0
github.com/codeharik/secretary/utils/binstruct/binary_struct.go:448.23,449.38 1 1
github.com/codeharik/secretary/utils/binstruct/binary_struct.go:449.38,451.5 1 0
github.com/codeharik/secretary/utils/binstruct/binary_struct.go:452.24,453.40 1 0
github.com/codeharik/secretary/utils/binstruct/binary_struct.go:453.40,455.5 1 0
github.com/codeharik/secretary/utils/binstruct/binary_struct.go:456.24,457.40 1 1
github.com/codeharik/secretary/utils/binstruct/binary_struct.go:457.40,459.5 1 0
github.com/codeharik/secretary/utils/binstruct/binary_struct.go:460.23,461.42 1 1
github.com/codeharik/secretary/utils/binstruct/binary_struct.go:461.42,463.5 1 1
github.com/codeharik/secretary/utils/binstruct/binary_struct.go:464.22,465.36 1 1
github.com/codeharik/secretary/utils/binstruct/binary_struct.go:465.36,467.5 1 1
github.com/codeharik/secretary/utils/binstruct/binary_struct.go:468.4,468.38 1 1
github.com/codeharik/secretary/utils/binstruct/binary_struct.go:468.38,473.41 3 1
github.com/codeharik/secretary/utils/binstruct/binary_struct.go:473.41,475.6 1 1
github.com/codeharik/secretary/utils/binstruct/binary_struct.go:477.11,479.67 1 0
github.com/codeharik/secretary/utils/binstruct/binary_struct.go:483.2,483.18 1 1
github.com/codeharik/secretary/utils/binstruct/binary_struct.go:486.49,488.63 2 1
github.com/codeharik/secretary/utils/binstruct/binary_struct.go:488.63,490.3 1 0
github.com/codeharik/secretary/utils/binstruct/binary_struct.go:492.2,496.38 4 1
github.com/codeharik/secretary/utils/binstruct/binary_struct.go:496.38,499.30 3 1
github.com/codeharik/secretary/utils/binstruct/binary_struct.go:499.30,500.12 1 0
github.com/codeharik/secretary/utils/binstruct/binary_struct.go:503.3,504.28 2 1
github.com/codeharik/secretary/utils/binstruct/binary_struct.go:505.66,506.35 1 1
github.com/codeharik/secretary/utils/binstruct/binary_struct.go:507.70,508.36 1 1
github.com/codeharik/secretary/utils/binstruct/binary_struct.go:509.41,510.37 1 1
github.com/codeharik/secretary/utils/binstruct/binary_struct.go:511.23,512.38 1 1
github.com/codeharik/secretary/utils/binstruct/binary_struct.go:513.22,514.56 1 1
github.com/codeharik/secretary/utils/binstruct/binary_struct.go:514.56,516.5 1 1
github.com/codeharik/secretary/utils/binstruct/binary_struct.go:516.10,517.27 1 1
github.com/codeharik/secretary/utils/binstruct/binary_struct.go:517.27,519.6 1 1
github.com/codeharik/secretary/utils/binstruct/binary_struct.go:519.11,521.6 1 1
github.com/codeharik/secretary/utils/binstruct/binary_struct.go:524.11,525.69 1 0
github.com/codeharik/secretary/utils/binstruct/binary_struct.go:529.2,529.30 1 1
github.com/codeharik/secretary/utils/binstruct/binary_struct.go:532.62,537.16 4 1
github.com/codeharik/secretary/utils/binstruct/binary_struct.go:537.16,539.3 1 1
github.com/codeharik/secretary/utils/binstruct/binary_struct.go:540.2,540.13 1 1
github.com/codeharik/secretary/utils/binstruct/binary_struct.go:543.54,548.16 4 1
github.com/codeharik/secretary/utils/binstruct/binary_struct.go:548.16,550.3 1 1
github.com/codeharik/secretary/utils/binstruct/binary_struct.go:551.2,551.13 1 1
github.com/codeharik/secretary/utils/binstruct/binary_struct.go:555.54,560.55 4 1
github.com/codeharik/secretary/utils/binstruct/binary_struct.go:560.55,562.3 1 1
github.com/codeharik/secretary/utils/binstruct/binary_struct.go:563.2,563.13 1 1
github.com/codeharik/secretary/utils/binstruct/binary_struct.go:566.118,571.15 5 1
github.com/codeharik/secretary/utils/binstruct/binary_struct.go:571.15,573.3 1 1
github.com/codeharik/secretary/utils/binstruct/binary_struct.go:575.2,579.60 2 1
github.com/codeharik/secretary/utils/binstruct/binary_struct.go:582.63,583.17 1 1
github.com/codeharik/secretary/utils/binstruct/binary_struct.go:584.9,585.57 1 0
github.com/codeharik/secretary/utils/binstruct/binary_struct.go:586.9,587.57 1 0
github.com/codeharik/secretary/utils/binstruct/binary_struct.go:588.9,589.57 1 1
github.com/codeharik/secretary/utils/binstruct/binary_struct.go:590.10,591.56 1 1
github.com/codeharik/secretary/utils/binstruct/binary_struct.go:595.54,597.17 2 1
github.com/codeharik/secretary/utils/binstruct/binary_struct.go:598.9,601.21 3 0
github.com/codeharik/secretary/utils/binstruct/binary_struct.go:602.9,605.21 3 0
github.com/codeharik/secretary/utils/binstruct/binary_struct.go:606.9,609.21 3 1
github.com/codeharik/secretary/utils/binstruct/binary_struct.go:610.10,613.21 3 1
github.com/codeharik/secretary/utils/binstruct/binary_struct.go:616.2,616.15 1 1
github.com/codeharik/secretary/utils/binstruct/binary_struct.go:619.56,620.22 1 1
github.com/codeharik/secretary/utils/binstruct/binary_struct.go:621.37,622.11 1 0
github.com/codeharik/secretary/utils/binstruct/binary_struct.go:623.54,624.11 1 1
github.com/codeharik/secretary/utils/binstruct/binary_struct.go:625.54,626.11 1 1
github.com/codeharik/secretary/utils/binstruct/binary_struct.go:627.10,628.11 1 1
github.com/codeharik/secretary/utils/binstruct/binary_struct.go:632.45,635.16 2 1
github.com/codeharik/secretary/utils/binstruct/binary_struct.go:635.16,637.3 1 0
github.com/codeharik/secretary/utils/binstruct/binary_struct.go:640.2,647.43 4 1
github.com/codeharik/secretary/batchstore.go:10.85,16.25 4 1
github.com/codeharik/secretary/batchstore.go:16.25,23.3 3 1
github.com/codeharik/secretary/batchstore.go:25.2,25.49 1 1
github.com/codeharik/secretary/batchstore.go:25.49,27.17 2 1
github.com/codeharik/secretary/batchstore.go:27.17,29.4 1 0
github.com/codeharik/secretary/batchstore.go:30.3,30.15 1 1
github.com/codeharik/secretary/batchstore.go:34.2,35.16 2 1
github.com/codeharik/secretary/batchstore.go:35.16,37.3 1 0
github.com/codeharik/secretary/batchstore.go:41.2,46.8 1 1
github.com/codeharik/secretary/batchstore.go:50.62,56.16 4 1
github.com/codeharik/secretary/batchstore.go:56.16,58.3 1 0
github.com/codeharik/secretary/batchstore.go:59.2,62.46 2 1
github.com/codeharik/secretary/batchstore.go:62.46,64.3 1 0
github.com/codeharik/secretary/batchstore.go:67.2,69.16 3 1
github.com/codeharik/secretary/batchstore.go:69.16,71.3 1 0
github.com/codeharik/secretary/batchstore.go:73.2,73.12 1 1
github.com/codeharik/secretary/batchstore.go:101.67,103.151 1 1
github.com/codeharik/secretary/batchstore.go:103.151,105.3 1 1
github.com/codeharik/secretary/batchstore.go:108.2,109.16 2 1
github.com/codeharik/secretary/batchstore.go:109.16,111.3 1 0
github.com/codeharik/secretary/batchstore.go:112.2,117.40 3 1
github.com/codeharik/secretary/batchstore.go:117.40,119.17 2 1
github.com/codeharik/secretary/batchstore.go:119.17,121.4 1 0
github.com/codeharik/secretary/batchstore.go:124.2,129.16 4 1
github.com/codeharik/secretary/batchstore.go:129.16,131.3 1 0
github.com/codeharik/secretary/batchstore.go:133.2,133.12 1 1
github.com/codeharik/secretary/batchstore.go:137.75,147.16 5 1
github.com/codeharik/secretary/batchstore.go:147.16,149.3 1 0
github.com/codeharik/secretary/batchstore.go:151.2,151.18 1 1
github.com/codeharik/secretary/btree.go:17.19,18.44 1 1
github.com/codeharik/secretary/btree.go:18.44,20.3 1 0
github.com/codeharik/secretary/btree.go:22.2,22.50 1 1
github.com/codeharik/secretary/btree.go:22.50,24.3 1 0
github.com/codeharik/secretary/btree.go:26.2,29.89 3 1
github.com/codeharik/secretary/btree.go:29.89,31.3 1 0
github.com/codeharik/secretary/btree.go:33.2,33.109 1 1
github.com/codeharik/secretary/btree.go:33.109,35.3 1 0
github.com/codeharik/secretary/btree.go:37.2,52.16 3 1
github.com/codeharik/secretary/btree.go:52.16,54.3 1 0
github.com/codeharik/secretary/btree.go:56.2,59.35 3 1
github.com/codeharik/secretary/btree.go:59.35,61.17 2 1
github.com/codeharik/secretary/btree.go:61.17,63.4 1 0
github.com/codeharik/secretary/btree.go:65.3,65.31 1 1
github.com/codeharik/secretary/btree.go:67.2,69.18 2 1
github.com/codeharik/secretary/btree.go:72.51,74.16 2 1
github.com/codeharik/secretary/btree.go:74.16,76.3 1 0
github.com/codeharik/secretary/btree.go:78.2,80.45 2 1
github.com/codeharik/secretary/btree.go:80.45,83.3 1 1
github.com/codeharik/secretary/btree.go:85.2,85.22 1 1
github.com/codeharik/secretary/btree.go:88.39,90.16 2 1
github.com/codeharik/secretary/btree.go:90.16,92.3 1 0
github.com/codeharik/secretary/btree.go:94.2,94.47 1 1
github.com/codeharik/secretary/node.go:12.18,13.31 1 1
github.com/codeharik/secretary/node.go:13.31,15.3 1 1
github.com/codeharik/secretary/node.go:16.2,16.56 1 0
github.com/codeharik/secretary/node.go:16.56,18.3 1 0
github.com/codeharik/secretary/node.go:19.2,19.26 1 0
github.com/codeharik/secretary/node.go:19.26,20.26 1 0
github.com/codeharik/secretary/node.go:20.26,22.4 1 0
github.com/codeharik/secretary/node.go:24.3,24.63 1 0
github.com/codeharik/secretary/node.go:24.63,26.4 1 0
github.com/codeharik/secretary/node.go:29.2,37.8 1 0
github.com/codeharik/secretary/node.go:40.37,42.16 2 1
github.com/codeharik/secretary/node.go:42.16,44.3 1 0
github.com/codeharik/secretary/node.go:46.2,46.73 1 1
github.com/codeharik/secretary/node.go:49.67,50.20 1 0
github.com/codeharik/secretary/node.go:50.20,52.3 1 0
github.com/codeharik/secretary/node.go:53.2,53.12 1 0
github.com/codeharik/secretary/node.go:56.78,57.34 1 0
github.com/codeharik/secretary/node.go:57.34,59.3 1 0
github.com/codeharik/secretary/node.go:60.2,60.26 1 0
github.com/codeharik/secretary/node.go:60.26,62.3 1 0
github.com/codeharik/secretary/node.go:63.2,63.58 1 0
github.com/codeharik/secretary/node.go:63.58,65.3 1 0
github.com/codeharik/secretary/node.go:67.2,72.12 4 0
github.com/codeharik/secretary/types.go:114.30,116.2 1 0
github.com/codeharik/secretary/utils/file.go:8.35,9.49 1 1
github.com/codeharik/secretary/utils/file.go:9.49,11.17 2 1
github.com/codeharik/secretary/utils/file.go:11.17,13.4 1 0
github.com/codeharik/secretary/utils/file.go:15.2,15.12 1 1
github.com/codeharik/secretary/utils/int.go:8.114,11.23 2 0
github.com/codeharik/secretary/utils/int.go:11.23,12.31 1 0
github.com/codeharik/secretary/utils/int.go:13.13,14.38 1 0
github.com/codeharik/secretary/utils/int.go:15.14,16.42 1 0
github.com/codeharik/secretary/utils/int.go:17.14,18.30 1 0
github.com/codeharik/secretary/utils/int.go:19.14,20.30 1 0
github.com/codeharik/secretary/utils/int.go:21.14,22.32 1 0
github.com/codeharik/secretary/utils/int.go:23.15,24.34 1 0
github.com/codeharik/secretary/utils/int.go:25.15,26.31 1 0
github.com/codeharik/secretary/utils/int.go:27.15,28.31 1 0
github.com/codeharik/secretary/utils/int.go:29.13,30.31 1 0
github.com/codeharik/secretary/utils/int.go:34.2,34.14 1 0
github.com/codeharik/secretary/utils/int.go:37.45,40.19 2 1
github.com/codeharik/secretary/utils/int.go:40.19,42.3 1 1
github.com/codeharik/secretary/utils/int.go:44.2,44.10 1 1
github.com/codeharik/secretary/utils/strings.go:10.48,12.2 1 1
