mode: set
github.com/codeharik/secretary/example/main.go:11.13,13.16 2 0
github.com/codeharik/secretary/example/main.go:13.16,15.3 1 0
github.com/codeharik/secretary/example/main.go:17.2,18.16 2 0
github.com/codeharik/secretary/example/main.go:18.16,20.3 1 0
github.com/codeharik/secretary/example/main.go:22.2,23.16 2 0
github.com/codeharik/secretary/example/main.go:23.16,25.3 1 0
github.com/codeharik/secretary/example/main.go:27.2,29.26 3 0
github.com/codeharik/secretary/example/main.go:29.26,36.3 2 0
github.com/codeharik/secretary/example/main.go:37.2,39.34 2 0
github.com/codeharik/secretary/example/main.go:39.34,41.3 1 0
github.com/codeharik/secretary/example/main.go:43.2,43.11 1 0
github.com/codeharik/secretary/utils/file.go:9.35,10.49 1 0
github.com/codeharik/secretary/utils/file.go:10.49,12.17 2 0
github.com/codeharik/secretary/utils/file.go:12.17,14.4 1 0
github.com/codeharik/secretary/utils/file.go:16.2,16.12 1 0
github.com/codeharik/secretary/utils/int.go:8.114,11.23 2 0
github.com/codeharik/secretary/utils/int.go:11.23,12.31 1 0
github.com/codeharik/secretary/utils/int.go:13.13,14.38 1 0
github.com/codeharik/secretary/utils/int.go:15.14,16.42 1 0
github.com/codeharik/secretary/utils/int.go:17.14,18.30 1 0
github.com/codeharik/secretary/utils/int.go:19.14,20.30 1 0
github.com/codeharik/secretary/utils/int.go:21.14,22.32 1 0
github.com/codeharik/secretary/utils/int.go:23.15,24.34 1 0
github.com/codeharik/secretary/utils/int.go:25.15,26.31 1 0
github.com/codeharik/secretary/utils/int.go:27.15,28.31 1 0
github.com/codeharik/secretary/utils/int.go:29.13,30.31 1 0
github.com/codeharik/secretary/utils/int.go:34.2,34.14 1 0
github.com/codeharik/secretary/utils/int.go:37.45,40.19 2 0
github.com/codeharik/secretary/utils/int.go:40.19,42.3 1 0
github.com/codeharik/secretary/utils/int.go:44.2,44.10 1 0
github.com/codeharik/secretary/utils/strings.go:12.48,14.2 1 0
github.com/codeharik/secretary/utils/strings.go:17.41,20.19 3 0
github.com/codeharik/secretary/utils/strings.go:20.19,22.3 1 0
github.com/codeharik/secretary/utils/strings.go:23.2,23.18 1 0
github.com/codeharik/secretary/utils/strings.go:28.43,31.2 2 0
github.com/codeharik/secretary/utils/strings.go:33.75,37.19 4 0
github.com/codeharik/secretary/utils/strings.go:37.19,39.3 1 0
github.com/codeharik/secretary/utils/strings.go:40.2,41.19 2 0
github.com/codeharik/secretary/utils/strings.go:44.51,46.31 2 0
github.com/codeharik/secretary/utils/strings.go:46.31,48.3 1 0
github.com/codeharik/secretary/utils/strings.go:49.2,49.13 1 0
github.com/codeharik/secretary/utils/strings.go:52.45,53.22 1 0
github.com/codeharik/secretary/utils/strings.go:53.22,55.3 1 0
github.com/codeharik/secretary/utils/strings.go:56.2,56.19 1 0
github.com/codeharik/secretary/utils/strings.go:56.19,57.19 1 0
github.com/codeharik/secretary/utils/strings.go:57.19,59.4 1 0
github.com/codeharik/secretary/utils/strings.go:61.2,61.13 1 0
github.com/codeharik/secretary/utils/binstruct/binary_struct.go:21.47,23.31 2 1
github.com/codeharik/secretary/utils/binstruct/binary_struct.go:23.31,25.3 1 0
github.com/codeharik/secretary/utils/binstruct/binary_struct.go:27.2,30.38 3 1
github.com/codeharik/secretary/utils/binstruct/binary_struct.go:30.38,36.16 3 1
github.com/codeharik/secretary/utils/binstruct/binary_struct.go:36.16,37.12 1 0
github.com/codeharik/secretary/utils/binstruct/binary_struct.go:39.3,42.28 2 1
github.com/codeharik/secretary/utils/binstruct/binary_struct.go:43.21,44.66 1 1
github.com/codeharik/secretary/utils/binstruct/binary_struct.go:45.22,46.68 1 1
github.com/codeharik/secretary/utils/binstruct/binary_struct.go:47.22,48.67 1 1
github.com/codeharik/secretary/utils/binstruct/binary_struct.go:49.23,50.69 1 1
github.com/codeharik/secretary/utils/binstruct/binary_struct.go:51.22,52.67 1 1
github.com/codeharik/secretary/utils/binstruct/binary_struct.go:53.23,54.69 1 1
github.com/codeharik/secretary/utils/binstruct/binary_struct.go:55.22,56.67 1 1
github.com/codeharik/secretary/utils/binstruct/binary_struct.go:57.23,58.69 1 1
github.com/codeharik/secretary/utils/binstruct/binary_struct.go:59.24,60.71 1 1
github.com/codeharik/secretary/utils/binstruct/binary_struct.go:61.23,63.27 2 1
github.com/codeharik/secretary/utils/binstruct/binary_struct.go:63.27,65.5 1 1
github.com/codeharik/secretary/utils/binstruct/binary_struct.go:66.4,66.35 1 1
github.com/codeharik/secretary/utils/binstruct/binary_struct.go:66.35,68.5 1 0
github.com/codeharik/secretary/utils/binstruct/binary_struct.go:69.4,70.24 2 1
github.com/codeharik/secretary/utils/binstruct/binary_struct.go:71.22,78.24 4 1
github.com/codeharik/secretary/utils/binstruct/binary_struct.go:78.24,80.5 1 1
github.com/codeharik/secretary/utils/binstruct/binary_struct.go:81.4,81.32 1 1
github.com/codeharik/secretary/utils/binstruct/binary_struct.go:81.32,83.5 1 1
github.com/codeharik/secretary/utils/binstruct/binary_struct.go:86.4,88.33 2 1
github.com/codeharik/secretary/utils/binstruct/binary_struct.go:88.33,91.5 2 1
github.com/codeharik/secretary/utils/binstruct/binary_struct.go:91.10,91.40 1 1
github.com/codeharik/secretary/utils/binstruct/binary_struct.go:91.40,95.33 3 1
github.com/codeharik/secretary/utils/binstruct/binary_struct.go:95.33,98.26 2 1
github.com/codeharik/secretary/utils/binstruct/binary_struct.go:99.39,100.59 1 1
github.com/codeharik/secretary/utils/binstruct/binary_struct.go:102.25,105.30 3 0
github.com/codeharik/secretary/utils/binstruct/binary_struct.go:105.30,107.8 1 0
github.com/codeharik/secretary/utils/binstruct/binary_struct.go:108.26,111.30 3 0
github.com/codeharik/secretary/utils/binstruct/binary_struct.go:111.30,113.8 1 0
github.com/codeharik/secretary/utils/binstruct/binary_struct.go:115.25,118.30 3 1
github.com/codeharik/secretary/utils/binstruct/binary_struct.go:118.30,120.8 1 1
github.com/codeharik/secretary/utils/binstruct/binary_struct.go:121.26,124.30 3 0
github.com/codeharik/secretary/utils/binstruct/binary_struct.go:124.30,126.8 1 0
github.com/codeharik/secretary/utils/binstruct/binary_struct.go:128.25,131.30 3 0
github.com/codeharik/secretary/utils/binstruct/binary_struct.go:131.30,133.8 1 0
github.com/codeharik/secretary/utils/binstruct/binary_struct.go:134.26,137.30 3 0
github.com/codeharik/secretary/utils/binstruct/binary_struct.go:137.30,139.8 1 0
github.com/codeharik/secretary/utils/binstruct/binary_struct.go:141.27,144.30 3 0
github.com/codeharik/secretary/utils/binstruct/binary_struct.go:144.30,147.8 2 0
github.com/codeharik/secretary/utils/binstruct/binary_struct.go:148.27,151.30 3 1
github.com/codeharik/secretary/utils/binstruct/binary_struct.go:151.30,154.8 2 1
github.com/codeharik/secretary/utils/binstruct/binary_struct.go:156.14,157.81 1 0
github.com/codeharik/secretary/utils/binstruct/binary_struct.go:160.6,163.22 2 1
github.com/codeharik/secretary/utils/binstruct/binary_struct.go:163.22,164.36 1 1
github.com/codeharik/secretary/utils/binstruct/binary_struct.go:164.36,166.8 1 1
github.com/codeharik/secretary/utils/binstruct/binary_struct.go:166.13,166.43 1 1
github.com/codeharik/secretary/utils/binstruct/binary_struct.go:166.43,168.8 1 1
github.com/codeharik/secretary/utils/binstruct/binary_struct.go:169.12,172.7 2 1
github.com/codeharik/secretary/utils/binstruct/binary_struct.go:174.6,174.26 1 1
github.com/codeharik/secretary/utils/binstruct/binary_struct.go:176.10,180.64 1 1
github.com/codeharik/secretary/utils/binstruct/binary_struct.go:180.64,187.5 2 1
github.com/codeharik/secretary/utils/binstruct/binary_struct.go:188.11,189.69 1 0
github.com/codeharik/secretary/utils/binstruct/binary_struct.go:192.2,192.25 1 1
github.com/codeharik/secretary/utils/binstruct/binary_struct.go:196.52,198.31 2 1
github.com/codeharik/secretary/utils/binstruct/binary_struct.go:198.31,200.3 1 0
github.com/codeharik/secretary/utils/binstruct/binary_struct.go:202.2,206.38 4 1
github.com/codeharik/secretary/utils/binstruct/binary_struct.go:206.38,210.16 3 1
github.com/codeharik/secretary/utils/binstruct/binary_struct.go:210.16,211.12 1 0
github.com/codeharik/secretary/utils/binstruct/binary_struct.go:213.3,216.28 2 1
github.com/codeharik/secretary/utils/binstruct/binary_struct.go:217.21,220.33 3 1
github.com/codeharik/secretary/utils/binstruct/binary_struct.go:221.22,224.35 3 1
github.com/codeharik/secretary/utils/binstruct/binary_struct.go:225.22,228.33 3 1
github.com/codeharik/secretary/utils/binstruct/binary_struct.go:229.23,232.35 3 1
github.com/codeharik/secretary/utils/binstruct/binary_struct.go:233.22,236.33 3 1
github.com/codeharik/secretary/utils/binstruct/binary_struct.go:237.23,240.35 3 1
github.com/codeharik/secretary/utils/binstruct/binary_struct.go:241.22,244.26 3 1
github.com/codeharik/secretary/utils/binstruct/binary_struct.go:245.23,248.27 3 1
github.com/codeharik/secretary/utils/binstruct/binary_struct.go:249.24,252.28 3 1
github.com/codeharik/secretary/utils/binstruct/binary_struct.go:253.23,257.42 4 1
github.com/codeharik/secretary/utils/binstruct/binary_struct.go:258.22,269.33 4 1
github.com/codeharik/secretary/utils/binstruct/binary_struct.go:269.33,273.5 3 1
github.com/codeharik/secretary/utils/binstruct/binary_struct.go:273.10,273.40 1 1
github.com/codeharik/secretary/utils/binstruct/binary_struct.go:273.40,280.33 4 1
github.com/codeharik/secretary/utils/binstruct/binary_struct.go:280.33,283.28 2 1
github.com/codeharik/secretary/utils/binstruct/binary_struct.go:283.28,285.7 1 1
github.com/codeharik/secretary/utils/binstruct/binary_struct.go:285.12,288.7 2 1
github.com/codeharik/secretary/utils/binstruct/binary_struct.go:291.6,292.20 2 1
github.com/codeharik/secretary/utils/binstruct/binary_struct.go:292.20,294.7 1 0
github.com/codeharik/secretary/utils/binstruct/binary_struct.go:296.6,296.26 1 1
github.com/codeharik/secretary/utils/binstruct/binary_struct.go:297.39,298.56 1 1
github.com/codeharik/secretary/utils/binstruct/binary_struct.go:300.25,302.38 2 0
github.com/codeharik/secretary/utils/binstruct/binary_struct.go:302.38,304.8 1 0
github.com/codeharik/secretary/utils/binstruct/binary_struct.go:305.7,305.51 1 0
github.com/codeharik/secretary/utils/binstruct/binary_struct.go:306.26,308.38 2 0
github.com/codeharik/secretary/utils/binstruct/binary_struct.go:308.38,310.8 1 0
github.com/codeharik/secretary/utils/binstruct/binary_struct.go:311.7,311.51 1 0
github.com/codeharik/secretary/utils/binstruct/binary_struct.go:313.25,315.38 2 1
github.com/codeharik/secretary/utils/binstruct/binary_struct.go:315.38,317.8 1 1
github.com/codeharik/secretary/utils/binstruct/binary_struct.go:318.7,318.51 1 1
github.com/codeharik/secretary/utils/binstruct/binary_struct.go:319.26,321.38 2 0
github.com/codeharik/secretary/utils/binstruct/binary_struct.go:321.38,323.8 1 0
github.com/codeharik/secretary/utils/binstruct/binary_struct.go:324.7,324.51 1 0
github.com/codeharik/secretary/utils/binstruct/binary_struct.go:326.25,328.38 2 0
github.com/codeharik/secretary/utils/binstruct/binary_struct.go:328.38,330.8 1 0
github.com/codeharik/secretary/utils/binstruct/binary_struct.go:331.7,331.51 1 0
github.com/codeharik/secretary/utils/binstruct/binary_struct.go:332.26,334.38 2 0
github.com/codeharik/secretary/utils/binstruct/binary_struct.go:334.38,336.8 1 0
github.com/codeharik/secretary/utils/binstruct/binary_struct.go:337.7,337.51 1 0
github.com/codeharik/secretary/utils/binstruct/binary_struct.go:339.27,341.38 2 0
github.com/codeharik/secretary/utils/binstruct/binary_struct.go:341.38,344.8 2 0
github.com/codeharik/secretary/utils/binstruct/binary_struct.go:345.7,345.51 1 0
github.com/codeharik/secretary/utils/binstruct/binary_struct.go:346.27,348.38 2 1
github.com/codeharik/secretary/utils/binstruct/binary_struct.go:348.38,351.8 2 1
github.com/codeharik/secretary/utils/binstruct/binary_struct.go:352.7,352.51 1 1
github.com/codeharik/secretary/utils/binstruct/binary_struct.go:354.14,355.76 1 0
github.com/codeharik/secretary/utils/binstruct/binary_struct.go:360.5,360.29 1 1
github.com/codeharik/secretary/utils/binstruct/binary_struct.go:361.10,365.64 1 1
github.com/codeharik/secretary/utils/binstruct/binary_struct.go:365.64,372.19 3 1
github.com/codeharik/secretary/utils/binstruct/binary_struct.go:372.19,374.6 1 0
github.com/codeharik/secretary/utils/binstruct/binary_struct.go:377.5,377.29 1 1
github.com/codeharik/secretary/utils/binstruct/binary_struct.go:379.11,380.64 1 0
github.com/codeharik/secretary/utils/binstruct/binary_struct.go:383.2,383.12 1 1
github.com/codeharik/secretary/utils/binstruct/binary_struct.go:387.46,389.90 1 1
github.com/codeharik/secretary/utils/binstruct/binary_struct.go:389.90,391.3 1 0
github.com/codeharik/secretary/utils/binstruct/binary_struct.go:394.2,394.44 1 1
github.com/codeharik/secretary/utils/binstruct/binary_struct.go:394.44,396.3 1 0
github.com/codeharik/secretary/utils/binstruct/binary_struct.go:399.2,403.38 4 1
github.com/codeharik/secretary/utils/binstruct/binary_struct.go:403.38,409.16 4 1
github.com/codeharik/secretary/utils/binstruct/binary_struct.go:409.16,410.12 1 0
github.com/codeharik/secretary/utils/binstruct/binary_struct.go:414.3,414.37 1 1
github.com/codeharik/secretary/utils/binstruct/binary_struct.go:414.37,416.4 1 0
github.com/codeharik/secretary/utils/binstruct/binary_struct.go:419.3,419.24 1 1
github.com/codeharik/secretary/utils/binstruct/binary_struct.go:420.21,421.36 1 1
github.com/codeharik/secretary/utils/binstruct/binary_struct.go:421.36,423.5 1 0
github.com/codeharik/secretary/utils/binstruct/binary_struct.go:424.22,425.38 1 1
github.com/codeharik/secretary/utils/binstruct/binary_struct.go:425.38,427.5 1 0
github.com/codeharik/secretary/utils/binstruct/binary_struct.go:428.22,429.36 1 1
github.com/codeharik/secretary/utils/binstruct/binary_struct.go:429.36,431.5 1 0
github.com/codeharik/secretary/utils/binstruct/binary_struct.go:432.23,433.38 1 1
github.com/codeharik/secretary/utils/binstruct/binary_struct.go:433.38,435.5 1 0
github.com/codeharik/secretary/utils/binstruct/binary_struct.go:436.22,437.36 1 1
github.com/codeharik/secretary/utils/binstruct/binary_struct.go:437.36,439.5 1 0
github.com/codeharik/secretary/utils/binstruct/binary_struct.go:440.23,441.38 1 1
github.com/codeharik/secretary/utils/binstruct/binary_struct.go:441.38,443.5 1 0
github.com/codeharik/secretary/utils/binstruct/binary_struct.go:444.22,445.36 1 1
github.com/codeharik/secretary/utils/binstruct/binary_struct.go:445.36,447.5 1 0
github.com/codeharik/secretary/utils/binstruct/binary_struct.go:448.23,449.38 1 1
github.com/codeharik/secretary/utils/binstruct/binary_struct.go:449.38,451.5 1 0
github.com/codeharik/secretary/utils/binstruct/binary_struct.go:452.24,453.40 1 0
github.com/codeharik/secretary/utils/binstruct/binary_struct.go:453.40,455.5 1 0
github.com/codeharik/secretary/utils/binstruct/binary_struct.go:456.24,457.40 1 1
github.com/codeharik/secretary/utils/binstruct/binary_struct.go:457.40,459.5 1 0
github.com/codeharik/secretary/utils/binstruct/binary_struct.go:460.23,461.42 1 1
github.com/codeharik/secretary/utils/binstruct/binary_struct.go:461.42,463.5 1 1
github.com/codeharik/secretary/utils/binstruct/binary_struct.go:464.22,465.36 1 1
github.com/codeharik/secretary/utils/binstruct/binary_struct.go:465.36,467.5 1 1
github.com/codeharik/secretary/utils/binstruct/binary_struct.go:468.4,468.38 1 1
github.com/codeharik/secretary/utils/binstruct/binary_struct.go:468.38,473.41 3 1
github.com/codeharik/secretary/utils/binstruct/binary_struct.go:473.41,475.6 1 1
github.com/codeharik/secretary/utils/binstruct/binary_struct.go:477.11,479.67 1 0
github.com/codeharik/secretary/utils/binstruct/binary_struct.go:483.2,483.18 1 1
github.com/codeharik/secretary/utils/binstruct/binary_struct.go:486.49,488.63 2 1
github.com/codeharik/secretary/utils/binstruct/binary_struct.go:488.63,490.3 1 0
github.com/codeharik/secretary/utils/binstruct/binary_struct.go:492.2,496.38 4 1
github.com/codeharik/secretary/utils/binstruct/binary_struct.go:496.38,499.30 3 1
github.com/codeharik/secretary/utils/binstruct/binary_struct.go:499.30,500.12 1 0
github.com/codeharik/secretary/utils/binstruct/binary_struct.go:503.3,504.28 2 1
github.com/codeharik/secretary/utils/binstruct/binary_struct.go:505.66,506.35 1 1
github.com/codeharik/secretary/utils/binstruct/binary_struct.go:507.70,508.36 1 1
github.com/codeharik/secretary/utils/binstruct/binary_struct.go:509.41,510.37 1 1
github.com/codeharik/secretary/utils/binstruct/binary_struct.go:511.23,512.38 1 1
github.com/codeharik/secretary/utils/binstruct/binary_struct.go:513.22,514.56 1 1
github.com/codeharik/secretary/utils/binstruct/binary_struct.go:514.56,516.5 1 1
github.com/codeharik/secretary/utils/binstruct/binary_struct.go:516.10,517.27 1 1
github.com/codeharik/secretary/utils/binstruct/binary_struct.go:517.27,519.6 1 1
github.com/codeharik/secretary/utils/binstruct/binary_struct.go:519.11,521.6 1 1
github.com/codeharik/secretary/utils/binstruct/binary_struct.go:524.11,525.69 1 0
github.com/codeharik/secretary/utils/binstruct/binary_struct.go:529.2,529.30 1 1
github.com/codeharik/secretary/utils/binstruct/binary_struct.go:532.62,537.16 4 1
github.com/codeharik/secretary/utils/binstruct/binary_struct.go:537.16,539.3 1 1
github.com/codeharik/secretary/utils/binstruct/binary_struct.go:540.2,540.13 1 1
github.com/codeharik/secretary/utils/binstruct/binary_struct.go:543.54,548.16 4 1
github.com/codeharik/secretary/utils/binstruct/binary_struct.go:548.16,550.3 1 1
github.com/codeharik/secretary/utils/binstruct/binary_struct.go:551.2,551.13 1 1
github.com/codeharik/secretary/utils/binstruct/binary_struct.go:555.54,560.55 4 1
github.com/codeharik/secretary/utils/binstruct/binary_struct.go:560.55,562.3 1 1
github.com/codeharik/secretary/utils/binstruct/binary_struct.go:563.2,563.13 1 1
github.com/codeharik/secretary/utils/binstruct/binary_struct.go:566.118,571.15 5 1
github.com/codeharik/secretary/utils/binstruct/binary_struct.go:571.15,573.3 1 1
github.com/codeharik/secretary/utils/binstruct/binary_struct.go:575.2,579.60 2 1
github.com/codeharik/secretary/utils/binstruct/binary_struct.go:582.63,583.17 1 1
github.com/codeharik/secretary/utils/binstruct/binary_struct.go:584.9,585.57 1 0
github.com/codeharik/secretary/utils/binstruct/binary_struct.go:586.9,587.57 1 0
github.com/codeharik/secretary/utils/binstruct/binary_struct.go:588.9,589.57 1 1
github.com/codeharik/secretary/utils/binstruct/binary_struct.go:590.10,591.56 1 1
github.com/codeharik/secretary/utils/binstruct/binary_struct.go:595.54,597.17 2 1
github.com/codeharik/secretary/utils/binstruct/binary_struct.go:598.9,601.21 3 0
github.com/codeharik/secretary/utils/binstruct/binary_struct.go:602.9,605.21 3 0
github.com/codeharik/secretary/utils/binstruct/binary_struct.go:606.9,609.21 3 1
github.com/codeharik/secretary/utils/binstruct/binary_struct.go:610.10,613.21 3 1
github.com/codeharik/secretary/utils/binstruct/binary_struct.go:616.2,616.15 1 1
github.com/codeharik/secretary/utils/binstruct/binary_struct.go:619.56,620.22 1 1
github.com/codeharik/secretary/utils/binstruct/binary_struct.go:621.37,622.11 1 0
github.com/codeharik/secretary/utils/binstruct/binary_struct.go:623.54,624.11 1 1
github.com/codeharik/secretary/utils/binstruct/binary_struct.go:625.54,626.11 1 1
github.com/codeharik/secretary/utils/binstruct/binary_struct.go:627.10,628.11 1 1
github.com/codeharik/secretary/utils/binstruct/binary_struct.go:632.45,635.16 2 1
github.com/codeharik/secretary/utils/binstruct/binary_struct.go:635.16,637.3 1 0
github.com/codeharik/secretary/utils/binstruct/binary_struct.go:640.2,647.43 4 1
github.com/codeharik/secretary/batchstore.go:10.85,16.25 4 1
github.com/codeharik/secretary/batchstore.go:16.25,23.3 3 1
github.com/codeharik/secretary/batchstore.go:25.2,25.49 1 1
github.com/codeharik/secretary/batchstore.go:25.49,27.17 2 1
github.com/codeharik/secretary/batchstore.go:27.17,29.4 1 0
github.com/codeharik/secretary/batchstore.go:30.3,30.15 1 1
github.com/codeharik/secretary/batchstore.go:34.2,35.16 2 1
github.com/codeharik/secretary/batchstore.go:35.16,37.3 1 0
github.com/codeharik/secretary/batchstore.go:41.2,46.8 1 1
github.com/codeharik/secretary/batchstore.go:50.62,56.16 4 1
github.com/codeharik/secretary/batchstore.go:56.16,58.3 1 0
github.com/codeharik/secretary/batchstore.go:59.2,62.46 2 1
github.com/codeharik/secretary/batchstore.go:62.46,64.3 1 0
github.com/codeharik/secretary/batchstore.go:67.2,69.16 3 1
github.com/codeharik/secretary/batchstore.go:69.16,71.3 1 0
github.com/codeharik/secretary/batchstore.go:73.2,73.12 1 1
github.com/codeharik/secretary/batchstore.go:101.67,103.151 1 1
github.com/codeharik/secretary/batchstore.go:103.151,105.3 1 1
github.com/codeharik/secretary/batchstore.go:108.2,109.16 2 1
github.com/codeharik/secretary/batchstore.go:109.16,111.3 1 0
github.com/codeharik/secretary/batchstore.go:112.2,117.40 3 1
github.com/codeharik/secretary/batchstore.go:117.40,119.17 2 1
github.com/codeharik/secretary/batchstore.go:119.17,121.4 1 0
github.com/codeharik/secretary/batchstore.go:124.2,129.16 4 1
github.com/codeharik/secretary/batchstore.go:129.16,131.3 1 0
github.com/codeharik/secretary/batchstore.go:133.2,133.12 1 1
github.com/codeharik/secretary/batchstore.go:137.75,147.16 5 1
github.com/codeharik/secretary/batchstore.go:147.16,149.3 1 1
github.com/codeharik/secretary/batchstore.go:151.2,151.18 1 1
github.com/codeharik/secretary/btree.go:18.19,19.44 1 1
github.com/codeharik/secretary/btree.go:19.44,21.3 1 1
github.com/codeharik/secretary/btree.go:23.2,23.50 1 1
github.com/codeharik/secretary/btree.go:23.50,25.3 1 1
github.com/codeharik/secretary/btree.go:27.2,30.89 3 1
github.com/codeharik/secretary/btree.go:30.89,32.3 1 1
github.com/codeharik/secretary/btree.go:34.2,34.93 1 1
github.com/codeharik/secretary/btree.go:34.93,36.3 1 0
github.com/codeharik/secretary/btree.go:38.2,53.16 3 1
github.com/codeharik/secretary/btree.go:53.16,55.3 1 0
github.com/codeharik/secretary/btree.go:57.2,60.35 3 1
github.com/codeharik/secretary/btree.go:60.35,62.17 2 1
github.com/codeharik/secretary/btree.go:62.17,64.4 1 0
github.com/codeharik/secretary/btree.go:66.3,66.31 1 1
github.com/codeharik/secretary/btree.go:68.2,70.18 2 1
github.com/codeharik/secretary/btree.go:73.34,74.57 1 1
github.com/codeharik/secretary/btree.go:74.57,76.3 1 0
github.com/codeharik/secretary/btree.go:78.2,78.52 1 1
github.com/codeharik/secretary/btree.go:78.52,79.49 1 1
github.com/codeharik/secretary/btree.go:79.49,81.4 1 0
github.com/codeharik/secretary/btree.go:84.2,84.12 1 1
github.com/codeharik/secretary/btree.go:87.51,89.16 2 1
github.com/codeharik/secretary/btree.go:89.16,91.3 1 0
github.com/codeharik/secretary/btree.go:93.2,95.45 2 1
github.com/codeharik/secretary/btree.go:95.45,98.3 1 1
github.com/codeharik/secretary/btree.go:100.2,100.22 1 1
github.com/codeharik/secretary/btree.go:103.39,105.16 2 1
github.com/codeharik/secretary/btree.go:105.16,107.3 1 0
github.com/codeharik/secretary/btree.go:109.2,109.47 1 1
github.com/codeharik/secretary/btree.go:112.79,120.16 2 1
github.com/codeharik/secretary/btree.go:120.16,122.3 1 0
github.com/codeharik/secretary/btree.go:124.2,125.16 2 1
github.com/codeharik/secretary/btree.go:125.16,127.3 1 1
github.com/codeharik/secretary/btree.go:129.2,132.16 4 1
github.com/codeharik/secretary/btree.go:132.16,134.3 1 0
github.com/codeharik/secretary/btree.go:136.2,136.31 1 1
github.com/codeharik/secretary/btree.go:139.30,140.19 1 1
github.com/codeharik/secretary/btree.go:140.19,142.3 1 0
github.com/codeharik/secretary/btree.go:144.2,146.18 3 1
github.com/codeharik/secretary/btree.go:146.18,148.30 2 1
github.com/codeharik/secretary/btree.go:148.30,149.9 1 1
github.com/codeharik/secretary/btree.go:151.3,151.26 1 1
github.com/codeharik/secretary/btree.go:154.2,154.15 1 1
github.com/codeharik/secretary/datalocation.go:8.68,13.2 1 0
github.com/codeharik/secretary/datalocation.go:20.64,25.2 1 0
github.com/codeharik/secretary/datalocation.go:27.67,28.20 1 0
github.com/codeharik/secretary/datalocation.go:28.20,30.3 1 0
github.com/codeharik/secretary/datalocation.go:31.2,31.12 1 0
github.com/codeharik/secretary/errors.go:30.57,32.3 1 0
github.com/codeharik/secretary/errors.go:34.65,36.3 1 1
github.com/codeharik/secretary/errors.go:38.65,40.3 1 0
github.com/codeharik/secretary/errors.go:42.47,44.3 1 0
github.com/codeharik/secretary/errors.go:46.40,48.3 1 0
github.com/codeharik/secretary/errors.go:50.81,52.3 1 1
github.com/codeharik/secretary/node.go:14.54,18.2 3 0
github.com/codeharik/secretary/node.go:33.40,35.88 1 1
github.com/codeharik/secretary/node.go:35.88,37.3 1 0
github.com/codeharik/secretary/node.go:39.2,39.36 1 1
github.com/codeharik/secretary/node.go:39.36,42.3 1 0
github.com/codeharik/secretary/node.go:44.2,44.21 1 1
github.com/codeharik/secretary/node.go:44.21,46.39 2 1
github.com/codeharik/secretary/node.go:46.39,47.14 1 1
github.com/codeharik/secretary/node.go:47.14,49.5 1 1
github.com/codeharik/secretary/node.go:51.3,51.16 1 1
github.com/codeharik/secretary/node.go:51.16,53.4 1 0
github.com/codeharik/secretary/node.go:56.2,56.80 1 1
github.com/codeharik/secretary/node.go:56.80,58.3 1 0
github.com/codeharik/secretary/node.go:60.2,60.23 1 1
github.com/codeharik/secretary/node.go:60.23,62.43 1 1
github.com/codeharik/secretary/node.go:62.43,65.33 1 0
github.com/codeharik/secretary/node.go:65.33,66.22 1 0
github.com/codeharik/secretary/node.go:66.22,68.6 1 0
github.com/codeharik/secretary/node.go:71.4,71.49 1 0
github.com/codeharik/secretary/node.go:73.8,73.29 1 1
github.com/codeharik/secretary/node.go:73.29,75.36 1 1
github.com/codeharik/secretary/node.go:75.36,77.4 1 0
github.com/codeharik/secretary/node.go:78.3,78.31 1 1
github.com/codeharik/secretary/node.go:78.31,79.44 1 1
github.com/codeharik/secretary/node.go:79.44,81.5 1 0
github.com/codeharik/secretary/node.go:83.3,83.27 1 1
github.com/codeharik/secretary/node.go:83.27,85.4 1 0
github.com/codeharik/secretary/node.go:89.2,89.28 1 1
github.com/codeharik/secretary/node.go:89.28,90.26 1 1
github.com/codeharik/secretary/node.go:90.26,92.4 1 0
github.com/codeharik/secretary/node.go:94.3,94.59 1 1
github.com/codeharik/secretary/node.go:94.59,96.4 1 0
github.com/codeharik/secretary/node.go:107.52,108.17 1 1
github.com/codeharik/secretary/node.go:108.17,111.35 2 1
github.com/codeharik/secretary/node.go:111.35,113.4 1 1
github.com/codeharik/secretary/node.go:117.33,119.2 1 1
github.com/codeharik/secretary/node.go:122.63,125.21 2 1
github.com/codeharik/secretary/node.go:125.21,127.3 1 1
github.com/codeharik/secretary/node.go:129.2,135.3 1 1
github.com/codeharik/secretary/node.go:139.43,149.2 2 1
github.com/codeharik/secretary/node.go:151.37,153.16 2 1
github.com/codeharik/secretary/node.go:153.16,155.3 1 0
github.com/codeharik/secretary/node.go:157.2,157.73 1 1
github.com/codeharik/secretary/node.go:163.73,180.2 3 1
github.com/codeharik/secretary/node.go:183.42,205.22 8 1
github.com/codeharik/secretary/node.go:205.22,207.3 1 0
github.com/codeharik/secretary/node.go:208.2,214.26 5 1
github.com/codeharik/secretary/node.go:218.74,220.24 1 1
github.com/codeharik/secretary/node.go:220.24,234.3 10 1
github.com/codeharik/secretary/node.go:236.2,259.41 6 1
github.com/codeharik/secretary/node.go:259.41,261.3 1 1
github.com/codeharik/secretary/node.go:263.2,263.25 1 1
github.com/codeharik/secretary/node.go:267.46,279.45 5 1
github.com/codeharik/secretary/node.go:279.45,281.3 1 1
github.com/codeharik/secretary/node.go:283.2,291.30 6 1
github.com/codeharik/secretary/node.go:295.59,296.20 1 1
github.com/codeharik/secretary/node.go:296.20,298.3 1 0
github.com/codeharik/secretary/node.go:300.2,300.22 1 1
github.com/codeharik/secretary/node.go:300.22,306.3 4 1
github.com/codeharik/secretary/node.go:308.2,309.56 2 1
github.com/codeharik/secretary/node.go:309.56,311.3 1 1
github.com/codeharik/secretary/node.go:313.2,317.39 2 1
github.com/codeharik/secretary/node.go:317.39,319.3 1 1
github.com/codeharik/secretary/node.go:321.2,322.12 2 1
github.com/codeharik/secretary/node.go:326.59,327.20 1 1
github.com/codeharik/secretary/node.go:327.20,329.3 1 0
github.com/codeharik/secretary/node.go:331.2,332.11 2 1
github.com/codeharik/secretary/node.go:332.11,335.3 2 1
github.com/codeharik/secretary/node.go:336.2,336.25 1 1
github.com/codeharik/secretary/node.go:341.39,342.36 1 1
github.com/codeharik/secretary/node.go:342.36,343.58 1 1
github.com/codeharik/secretary/node.go:343.58,345.4 1 0
github.com/codeharik/secretary/node.go:347.2,347.13 1 1
github.com/codeharik/secretary/node.go:351.68,352.57 1 1
github.com/codeharik/secretary/node.go:352.57,354.3 1 0
github.com/codeharik/secretary/node.go:356.2,362.12 4 1
github.com/codeharik/secretary/node.go:365.74,368.63 2 1
github.com/codeharik/secretary/node.go:368.63,370.31 2 1
github.com/codeharik/secretary/node.go:370.31,372.4 1 1
github.com/codeharik/secretary/node.go:374.3,375.28 2 1
github.com/codeharik/secretary/node.go:375.28,378.4 2 1
github.com/codeharik/secretary/node.go:382.3,382.25 1 1
github.com/codeharik/secretary/node.go:382.25,385.4 2 1
github.com/codeharik/secretary/node.go:387.3,389.38 2 1
github.com/codeharik/secretary/node.go:392.2,392.18 1 1
github.com/codeharik/secretary/node.go:396.63,398.24 2 1
github.com/codeharik/secretary/node.go:398.24,400.3 1 1
github.com/codeharik/secretary/node.go:402.2,415.41 2 1
github.com/codeharik/secretary/node.go:415.41,417.49 2 1
github.com/codeharik/secretary/node.go:417.49,419.4 1 1
github.com/codeharik/secretary/node.go:419.9,421.4 1 1
github.com/codeharik/secretary/node.go:423.3,423.26 1 1
github.com/codeharik/secretary/node.go:423.26,425.4 1 1
github.com/codeharik/secretary/node.go:428.3,432.45 2 1
github.com/codeharik/secretary/node.go:432.45,435.14 2 1
github.com/codeharik/secretary/node.go:435.14,437.5 1 1
github.com/codeharik/secretary/node.go:440.3,444.49 3 1
github.com/codeharik/secretary/node.go:444.49,446.4 1 1
github.com/codeharik/secretary/node.go:446.9,448.4 1 1
github.com/codeharik/secretary/node.go:451.2,451.47 1 1
github.com/codeharik/secretary/node.go:457.62,460.20 1 1
github.com/codeharik/secretary/node.go:460.20,462.4 1 1
github.com/codeharik/secretary/node.go:466.2,468.21 2 1
github.com/codeharik/secretary/node.go:471.56,472.29 1 1
github.com/codeharik/secretary/node.go:472.29,474.3 1 1
github.com/codeharik/secretary/node.go:475.2,475.49 1 1
github.com/codeharik/secretary/node.go:479.83,485.29 2 1
github.com/codeharik/secretary/node.go:485.29,487.12 2 1
github.com/codeharik/secretary/node.go:487.12,489.4 1 1
github.com/codeharik/secretary/node.go:489.9,491.4 1 1
github.com/codeharik/secretary/node.go:496.2,499.27 2 1
github.com/codeharik/secretary/node.go:502.62,504.11 2 1
github.com/codeharik/secretary/node.go:504.11,506.3 1 1
github.com/codeharik/secretary/node.go:507.2,507.30 1 1
github.com/codeharik/secretary/node.go:511.65,512.37 1 1
github.com/codeharik/secretary/node.go:512.37,514.3 1 0
github.com/codeharik/secretary/node.go:516.2,522.55 4 1
github.com/codeharik/secretary/node.go:522.55,526.22 3 1
github.com/codeharik/secretary/node.go:526.22,528.16 2 1
github.com/codeharik/secretary/node.go:528.16,530.5 1 1
github.com/codeharik/secretary/node.go:534.3,534.32 1 1
github.com/codeharik/secretary/node.go:534.32,537.4 2 1
github.com/codeharik/secretary/node.go:540.3,541.22 2 1
github.com/codeharik/secretary/node.go:541.22,542.9 1 1
github.com/codeharik/secretary/node.go:546.2,546.16 1 1
github.com/codeharik/secretary/node.go:552.45,553.37 1 0
github.com/codeharik/secretary/node.go:553.37,555.3 1 0
github.com/codeharik/secretary/node.go:557.2,559.12 2 0
github.com/codeharik/secretary/node.go:559.12,561.3 1 0
github.com/codeharik/secretary/node.go:564.2,573.12 5 0
github.com/codeharik/secretary/node.go:577.48,579.31 2 0
github.com/codeharik/secretary/node.go:579.31,581.3 1 0
github.com/codeharik/secretary/node.go:584.2,584.23 1 0
github.com/codeharik/secretary/node.go:584.23,585.30 1 0
github.com/codeharik/secretary/node.go:585.30,588.4 2 0
github.com/codeharik/secretary/node.go:590.3,590.9 1 0
github.com/codeharik/secretary/node.go:594.2,596.65 3 0
github.com/codeharik/secretary/node.go:596.65,598.3 1 0
github.com/codeharik/secretary/node.go:601.2,601.13 1 0
github.com/codeharik/secretary/node.go:601.13,603.38 2 0
github.com/codeharik/secretary/node.go:603.38,618.4 9 0
github.com/codeharik/secretary/node.go:622.2,622.34 1 0
github.com/codeharik/secretary/node.go:622.34,624.39 2 0
github.com/codeharik/secretary/node.go:624.39,639.4 8 0
github.com/codeharik/secretary/node.go:643.2,643.13 1 0
github.com/codeharik/secretary/node.go:643.13,650.3 6 0
github.com/codeharik/secretary/node.go:650.8,657.3 6 0
github.com/codeharik/secretary/node.go:674.60,675.17 1 1
github.com/codeharik/secretary/node.go:675.17,677.3 1 0
github.com/codeharik/secretary/node.go:679.2,682.32 3 1
github.com/codeharik/secretary/node.go:682.32,684.3 1 1
github.com/codeharik/secretary/node.go:685.2,685.38 1 1
github.com/codeharik/secretary/node.go:685.38,687.3 1 1
github.com/codeharik/secretary/node.go:689.2,690.15 2 1
github.com/codeharik/secretary/node.go:690.15,691.39 1 1
github.com/codeharik/secretary/node.go:691.39,693.4 1 1
github.com/codeharik/secretary/node.go:696.2,698.22 3 1
github.com/codeharik/secretary/node.go:698.22,700.3 1 1
github.com/codeharik/secretary/node.go:701.2,701.22 1 1
github.com/codeharik/secretary/node.go:701.22,703.3 1 1
github.com/codeharik/secretary/node.go:705.2,713.3 1 1
github.com/codeharik/secretary/node.go:717.82,718.17 1 1
github.com/codeharik/secretary/node.go:718.17,720.3 1 0
github.com/codeharik/secretary/node.go:722.2,723.16 2 1
github.com/codeharik/secretary/node.go:723.16,725.3 1 0
github.com/codeharik/secretary/node.go:727.2,727.22 1 1
github.com/codeharik/secretary/node.go:730.58,733.2 2 0
github.com/codeharik/secretary/node.go:736.71,738.2 1 1
github.com/codeharik/secretary/query.go:26.42,32.9 4 1
github.com/codeharik/secretary/query.go:33.42,35.28 2 1
github.com/codeharik/secretary/query.go:36.42,38.28 2 1
github.com/codeharik/secretary/query.go:39.42,41.28 2 1
github.com/codeharik/secretary/query.go:42.42,44.28 2 1
github.com/codeharik/secretary/query.go:45.10,46.22 1 0
github.com/codeharik/secretary/query.go:49.2,49.13 1 1
github.com/codeharik/secretary/query.go:52.52,60.22 5 1
github.com/codeharik/secretary/query.go:60.22,62.3 1 0
github.com/codeharik/secretary/query.go:62.8,64.3 1 1
github.com/codeharik/secretary/query.go:67.2,67.22 1 1
github.com/codeharik/secretary/query.go:67.22,69.3 1 1
github.com/codeharik/secretary/query.go:72.52,88.2 10 1
github.com/codeharik/secretary/query.go:90.52,98.22 5 1
github.com/codeharik/secretary/query.go:98.22,100.3 1 1
github.com/codeharik/secretary/query.go:102.2,104.29 3 1
github.com/codeharik/secretary/query.go:104.29,106.22 2 1
github.com/codeharik/secretary/query.go:106.22,110.4 3 1
github.com/codeharik/secretary/query.go:114.2,114.22 1 1
github.com/codeharik/secretary/query.go:114.22,116.3 1 1
github.com/codeharik/secretary/query.go:119.52,123.22 3 1
github.com/codeharik/secretary/query.go:123.22,125.3 1 0
github.com/codeharik/secretary/query.go:125.8,127.3 1 1
github.com/codeharik/secretary/query.go:130.2,130.22 1 1
github.com/codeharik/secretary/query.go:130.22,132.3 1 1
github.com/codeharik/secretary/query.go:135.45,137.19 2 1
github.com/codeharik/secretary/query.go:137.19,139.3 1 0
github.com/codeharik/secretary/query.go:140.2,140.29 1 1
github.com/codeharik/secretary/query.go:143.45,145.2 1 1
github.com/codeharik/secretary/query.go:147.38,152.22 4 1
github.com/codeharik/secretary/query.go:152.22,153.10 1 1
github.com/codeharik/secretary/query.go:154.18,156.23 2 1
github.com/codeharik/secretary/query.go:157.30,159.18 2 1
github.com/codeharik/secretary/query.go:160.11,161.23 1 1
github.com/codeharik/secretary/query.go:165.2,165.22 1 1
github.com/codeharik/secretary/query.go:165.22,167.3 1 1
github.com/codeharik/secretary/query.go:169.2,169.15 1 1
github.com/codeharik/secretary/secretary.go:10.32,20.16 5 1
github.com/codeharik/secretary/secretary.go:20.16,22.3 1 0
github.com/codeharik/secretary/secretary.go:24.2,25.16 2 1
github.com/codeharik/secretary/secretary.go:25.16,27.3 1 0
github.com/codeharik/secretary/secretary.go:29.2,29.29 1 1
github.com/codeharik/secretary/secretary.go:29.29,30.19 1 1
github.com/codeharik/secretary/secretary.go:30.19,33.56 2 1
github.com/codeharik/secretary/secretary.go:33.56,37.5 2 1
github.com/codeharik/secretary/secretary.go:37.10,39.5 1 1
github.com/codeharik/secretary/secretary.go:43.2,43.23 1 1
github.com/codeharik/secretary/secretary.go:46.55,48.9 2 1
github.com/codeharik/secretary/secretary.go:48.9,50.3 1 1
github.com/codeharik/secretary/secretary.go:51.2,51.18 1 1
github.com/codeharik/secretary/secretary.go:54.42,56.2 1 1
github.com/codeharik/secretary/server.go:14.80,17.28 2 1
github.com/codeharik/secretary/server.go:17.28,19.3 1 1
github.com/codeharik/secretary/server.go:21.2,22.16 2 1
github.com/codeharik/secretary/server.go:22.16,25.3 2 0
github.com/codeharik/secretary/server.go:26.2,27.19 2 1
github.com/codeharik/secretary/server.go:30.77,34.13 3 1
github.com/codeharik/secretary/server.go:34.13,37.3 2 1
github.com/codeharik/secretary/server.go:39.2,40.28 2 1
github.com/codeharik/secretary/server.go:40.28,43.3 2 0
github.com/codeharik/secretary/server.go:45.2,46.12 2 1
github.com/codeharik/secretary/server.go:58.76,60.61 2 1
github.com/codeharik/secretary/server.go:60.61,63.3 2 0
github.com/codeharik/secretary/server.go:65.2,73.16 2 1
github.com/codeharik/secretary/server.go:73.16,76.3 2 1
github.com/codeharik/secretary/server.go:77.2,78.16 2 1
github.com/codeharik/secretary/server.go:78.16,81.3 2 0
github.com/codeharik/secretary/server.go:83.2,86.37 3 1
github.com/codeharik/secretary/server.go:93.75,97.103 3 1
github.com/codeharik/secretary/server.go:97.103,100.3 2 0
github.com/codeharik/secretary/server.go:102.2,103.13 2 1
github.com/codeharik/secretary/server.go:103.13,106.3 2 0
github.com/codeharik/secretary/server.go:108.2,110.16 3 1
github.com/codeharik/secretary/server.go:110.16,113.3 2 0
github.com/codeharik/secretary/server.go:115.2,121.37 3 1
github.com/codeharik/secretary/server.go:124.75,129.13 4 1
github.com/codeharik/secretary/server.go:129.13,132.3 2 0
github.com/codeharik/secretary/server.go:134.2,136.11 3 1
github.com/codeharik/secretary/server.go:136.11,138.3 1 1
github.com/codeharik/secretary/server.go:138.8,141.3 2 1
github.com/codeharik/secretary/server.go:143.2,149.37 3 1
github.com/codeharik/secretary/server.go:152.75,157.13 4 0
github.com/codeharik/secretary/server.go:157.13,160.3 2 0
github.com/codeharik/secretary/server.go:162.2,163.16 2 0
github.com/codeharik/secretary/server.go:163.16,166.3 2 0
github.com/codeharik/secretary/server.go:168.2,174.37 3 0
github.com/codeharik/secretary/server.go:177.48,196.2 9 1
github.com/codeharik/secretary/server.go:198.29,202.2 3 0
